Copyright 1986-2018 Xilinx, Inc. All Rights Reserved.
-------------------------------------------------------------------------------------
| Tool Version : Vivado v.2018.1 (win64) Build 2188600 Wed Apr  4 18:40:38 MDT 2018
| Date         : Wed Sep 19 21:35:18 2018
| Host         : LAPTOP-1651HT6I running 64-bit major release  (build 9200)
| Command      : report_control_sets -verbose -file boardTop_control_sets_placed.rpt
| Design       : boardTop
| Device       : xc7a100t
-------------------------------------------------------------------------------------

Control Set Information

Table of Contents
-----------------
1. Summary
2. Histogram
3. Flip-Flop Distribution
4. Detailed Control Set Information

1. Summary
----------

+----------------------------------------------------------+-------+
|                          Status                          | Count |
+----------------------------------------------------------+-------+
| Number of unique control sets                            |     3 |
| Unused register locations in slices containing registers |    10 |
+----------------------------------------------------------+-------+


2. Histogram
------------

+--------+--------------+
| Fanout | Control Sets |
+--------+--------------+
|      1 |            1 |
|      5 |            1 |
|    16+ |            1 |
+--------+--------------+


3. Flip-Flop Distribution
-------------------------

+--------------+-----------------------+------------------------+-----------------+--------------+
| Clock Enable | Synchronous Set/Reset | Asynchronous Set/Reset | Total Registers | Total Slices |
+--------------+-----------------------+------------------------+-----------------+--------------+
| No           | No                    | No                     |               0 |            0 |
| No           | No                    | Yes                    |              21 |            5 |
| No           | Yes                   | No                     |               0 |            0 |
| Yes          | No                    | No                     |               1 |            1 |
| Yes          | No                    | Yes                    |               0 |            0 |
| Yes          | Yes                   | No                     |               0 |            0 |
+--------------+-----------------------+------------------------+-----------------+--------------+


4. Detailed Control Set Information
-----------------------------------

+----------------------+---------------+---------------------+------------------+----------------+
|     Clock Signal     | Enable Signal |   Set/Reset Signal  | Slice Load Count | Bel Load Count |
+----------------------+---------------+---------------------+------------------+----------------+
|  clock_scaler/CLK    | fsm/p_0_in    |                     |                1 |              1 |
|  clock_scaler/CLK    |               | pushButtons_IBUF[3] |                1 |              5 |
|  clk100mhz_IBUF_BUFG |               | pushButtons_IBUF[3] |                4 |             16 |
+----------------------+---------------+---------------------+------------------+----------------+


